2023/07/20 06:19:55 [notice] 1#1: using the "epoll" event method
2023/07/20 06:19:55 [notice] 1#1: nginx/1.25.1
2023/07/20 06:19:55 [notice] 1#1: built by gcc 12.2.0 (Debian 12.2.0-14) 
2023/07/20 06:19:55 [notice] 1#1: OS: Linux 5.19.0-46-generic
2023/07/20 06:19:55 [notice] 1#1: getrlimit(RLIMIT_NOFILE): 1048576:1048576
2023/07/20 06:19:55 [notice] 1#1: start worker processes
2023/07/20 06:19:55 [notice] 1#1: start worker process 28
2023/07/20 06:19:55 [notice] 1#1: start worker process 29
2023/07/20 06:19:55 [notice] 1#1: start worker process 30
2023/07/20 06:19:55 [notice] 1#1: start worker process 31
2023/07/20 06:19:55 [notice] 1#1: start worker process 32
2023/07/20 06:19:55 [notice] 1#1: start worker process 33
2023/07/20 06:19:55 [notice] 1#1: start worker process 34
2023/07/20 06:19:55 [notice] 1#1: start worker process 35
2023/07/20 08:52:54 [notice] 1#1: signal 3 (SIGQUIT) received, shutting down
2023/07/20 08:52:54 [notice] 29#29: gracefully shutting down
2023/07/20 08:52:54 [notice] 31#31: gracefully shutting down
2023/07/20 08:52:54 [notice] 30#30: gracefully shutting down
2023/07/20 08:52:54 [notice] 28#28: gracefully shutting down
2023/07/20 08:52:54 [notice] 34#34: gracefully shutting down
2023/07/20 08:52:54 [notice] 35#35: gracefully shutting down
2023/07/20 08:52:54 [notice] 32#32: gracefully shutting down
2023/07/20 08:52:54 [notice] 33#33: gracefully shutting down
2023/07/20 08:52:54 [notice] 30#30: exiting
2023/07/20 08:52:54 [notice] 28#28: exiting
2023/07/20 08:52:54 [notice] 29#29: exiting
2023/07/20 08:52:54 [notice] 31#31: exiting
2023/07/20 08:52:54 [notice] 34#34: exiting
2023/07/20 08:52:54 [notice] 31#31: exit
2023/07/20 08:52:54 [notice] 30#30: exit
2023/07/20 08:52:54 [notice] 32#32: exiting
2023/07/20 08:52:54 [notice] 34#34: exit
2023/07/20 08:52:54 [notice] 33#33: exiting
2023/07/20 08:52:54 [notice] 32#32: exit
2023/07/20 08:52:54 [notice] 35#35: exiting
2023/07/20 08:52:54 [notice] 33#33: exit
2023/07/20 08:52:54 [notice] 35#35: exit
2023/07/20 08:52:54 [notice] 28#28: exit
2023/07/20 08:52:54 [notice] 29#29: exit
2023/07/20 08:52:54 [notice] 1#1: signal 17 (SIGCHLD) received from 30
2023/07/20 08:52:54 [notice] 1#1: worker process 30 exited with code 0
2023/07/20 08:52:54 [notice] 1#1: signal 29 (SIGIO) received
2023/07/20 08:52:54 [notice] 1#1: signal 17 (SIGCHLD) received from 31
2023/07/20 08:52:54 [notice] 1#1: worker process 31 exited with code 0
2023/07/20 08:52:54 [notice] 1#1: worker process 33 exited with code 0
2023/07/20 08:52:54 [notice] 1#1: signal 29 (SIGIO) received
2023/07/20 08:52:54 [notice] 1#1: signal 17 (SIGCHLD) received from 33
2023/07/20 08:52:54 [notice] 1#1: signal 17 (SIGCHLD) received from 28
2023/07/20 08:52:54 [notice] 1#1: worker process 28 exited with code 0
2023/07/20 08:52:54 [notice] 1#1: signal 29 (SIGIO) received
2023/07/20 08:52:54 [notice] 1#1: signal 17 (SIGCHLD) received from 34
2023/07/20 08:52:54 [notice] 1#1: worker process 34 exited with code 0
2023/07/20 08:52:54 [notice] 1#1: signal 29 (SIGIO) received
2023/07/20 08:52:54 [notice] 1#1: signal 17 (SIGCHLD) received from 32
2023/07/20 08:52:54 [notice] 1#1: worker process 32 exited with code 0
2023/07/20 08:52:54 [notice] 1#1: signal 29 (SIGIO) received
2023/07/20 08:52:54 [notice] 1#1: signal 17 (SIGCHLD) received from 29
2023/07/20 08:52:54 [notice] 1#1: worker process 29 exited with code 0
2023/07/20 08:52:54 [notice] 1#1: signal 29 (SIGIO) received
2023/07/20 08:52:54 [notice] 1#1: signal 17 (SIGCHLD) received from 35
2023/07/20 08:52:54 [notice] 1#1: worker process 35 exited with code 0
2023/07/20 08:52:54 [notice] 1#1: exit
2023/07/20 12:03:10 [notice] 1#1: using the "epoll" event method
2023/07/20 12:03:10 [notice] 1#1: nginx/1.25.1
2023/07/20 12:03:10 [notice] 1#1: built by gcc 12.2.0 (Debian 12.2.0-14) 
2023/07/20 12:03:10 [notice] 1#1: OS: Linux 5.19.0-46-generic
2023/07/20 12:03:10 [notice] 1#1: getrlimit(RLIMIT_NOFILE): 1048576:1048576
2023/07/20 12:03:10 [notice] 1#1: start worker processes
2023/07/20 12:03:10 [notice] 1#1: start worker process 28
2023/07/20 12:03:10 [notice] 1#1: start worker process 29
2023/07/20 12:03:10 [notice] 1#1: start worker process 30
2023/07/20 12:03:10 [notice] 1#1: start worker process 31
2023/07/20 12:03:10 [notice] 1#1: start worker process 32
2023/07/20 12:03:10 [notice] 1#1: start worker process 33
2023/07/20 12:03:10 [notice] 1#1: start worker process 34
2023/07/20 12:03:10 [notice] 1#1: start worker process 35
2023/07/20 13:02:34 [notice] 1#1: signal 3 (SIGQUIT) received, shutting down
2023/07/20 13:02:34 [notice] 29#29: gracefully shutting down
2023/07/20 13:02:34 [notice] 30#30: gracefully shutting down
2023/07/20 13:02:34 [notice] 31#31: gracefully shutting down
2023/07/20 13:02:34 [notice] 28#28: gracefully shutting down
2023/07/20 13:02:34 [notice] 32#32: gracefully shutting down
2023/07/20 13:02:34 [notice] 33#33: gracefully shutting down
2023/07/20 13:02:34 [notice] 34#34: gracefully shutting down
2023/07/20 13:02:34 [notice] 35#35: gracefully shutting down
2023/07/20 13:02:34 [notice] 34#34: exiting
2023/07/20 13:02:34 [notice] 32#32: exiting
2023/07/20 13:02:34 [notice] 33#33: exiting
2023/07/20 13:02:34 [notice] 35#35: exiting
2023/07/20 13:02:34 [notice] 35#35: exit
2023/07/20 13:02:34 [notice] 29#29: exiting
2023/07/20 13:02:34 [notice] 31#31: exiting
2023/07/20 13:02:34 [notice] 28#28: exiting
2023/07/20 13:02:34 [notice] 30#30: exiting
2023/07/20 13:02:34 [notice] 31#31: exit
2023/07/20 13:02:34 [notice] 29#29: exit
2023/07/20 13:02:34 [notice] 30#30: exit
2023/07/20 13:02:34 [notice] 28#28: exit
2023/07/20 13:02:34 [notice] 32#32: exit
2023/07/20 13:02:34 [notice] 34#34: exit
2023/07/20 13:02:34 [notice] 33#33: exit
2023/07/20 13:02:34 [notice] 1#1: signal 17 (SIGCHLD) received from 29
2023/07/20 13:02:34 [notice] 1#1: worker process 29 exited with code 0
2023/07/20 13:02:34 [notice] 1#1: worker process 28 exited with code 0
2023/07/20 13:02:34 [notice] 1#1: signal 29 (SIGIO) received
2023/07/20 13:02:34 [notice] 1#1: signal 17 (SIGCHLD) received from 28
2023/07/20 13:02:34 [notice] 1#1: worker process 30 exited with code 0
2023/07/20 13:02:34 [notice] 1#1: signal 29 (SIGIO) received
2023/07/20 13:02:34 [notice] 1#1: signal 17 (SIGCHLD) received from 32
2023/07/20 13:02:34 [notice] 1#1: worker process 32 exited with code 0
2023/07/20 13:02:34 [notice] 1#1: signal 29 (SIGIO) received
2023/07/20 13:02:34 [notice] 1#1: signal 17 (SIGCHLD) received from 34
2023/07/20 13:02:34 [notice] 1#1: worker process 34 exited with code 0
2023/07/20 13:02:34 [notice] 1#1: signal 29 (SIGIO) received
2023/07/20 13:02:34 [notice] 1#1: signal 17 (SIGCHLD) received from 35
2023/07/20 13:02:34 [notice] 1#1: worker process 35 exited with code 0
2023/07/20 13:02:34 [notice] 1#1: signal 29 (SIGIO) received
2023/07/20 13:02:34 [notice] 1#1: signal 17 (SIGCHLD) received from 31
2023/07/20 13:02:34 [notice] 1#1: worker process 31 exited with code 0
2023/07/20 13:02:34 [notice] 1#1: signal 29 (SIGIO) received
2023/07/20 13:02:34 [notice] 1#1: signal 17 (SIGCHLD) received from 33
2023/07/20 13:02:34 [notice] 1#1: worker process 33 exited with code 0
2023/07/20 13:02:34 [notice] 1#1: exit
2023/07/21 03:58:30 [notice] 1#1: using the "epoll" event method
2023/07/21 03:58:30 [notice] 1#1: nginx/1.25.1
2023/07/21 03:58:30 [notice] 1#1: built by gcc 12.2.0 (Debian 12.2.0-14) 
2023/07/21 03:58:30 [notice] 1#1: OS: Linux 5.19.0-46-generic
2023/07/21 03:58:30 [notice] 1#1: getrlimit(RLIMIT_NOFILE): 1048576:1048576
2023/07/21 03:58:30 [notice] 1#1: start worker processes
2023/07/21 03:58:30 [notice] 1#1: start worker process 28
2023/07/21 03:58:30 [notice] 1#1: start worker process 29
2023/07/21 03:58:30 [notice] 1#1: start worker process 30
2023/07/21 03:58:30 [notice] 1#1: start worker process 31
2023/07/21 03:58:30 [notice] 1#1: start worker process 32
2023/07/21 03:58:30 [notice] 1#1: start worker process 33
2023/07/21 03:58:30 [notice] 1#1: start worker process 34
2023/07/21 03:58:30 [notice] 1#1: start worker process 35
2023/07/21 04:32:33 [notice] 1#1: signal 3 (SIGQUIT) received, shutting down
2023/07/21 04:32:33 [notice] 28#28: gracefully shutting down
2023/07/21 04:32:33 [notice] 29#29: gracefully shutting down
2023/07/21 04:32:33 [notice] 30#30: gracefully shutting down
2023/07/21 04:32:33 [notice] 31#31: gracefully shutting down
2023/07/21 04:32:33 [notice] 35#35: gracefully shutting down
2023/07/21 04:32:33 [notice] 33#33: gracefully shutting down
2023/07/21 04:32:33 [notice] 32#32: gracefully shutting down
2023/07/21 04:32:33 [notice] 34#34: gracefully shutting down
2023/07/21 04:32:33 [notice] 30#30: exiting
2023/07/21 04:32:33 [notice] 28#28: exiting
2023/07/21 04:32:33 [notice] 29#29: exiting
2023/07/21 04:32:33 [notice] 31#31: exiting
2023/07/21 04:32:33 [notice] 28#28: exit
2023/07/21 04:32:33 [notice] 29#29: exit
2023/07/21 04:32:33 [notice] 34#34: exiting
2023/07/21 04:32:33 [notice] 30#30: exit
2023/07/21 04:32:33 [notice] 31#31: exit
2023/07/21 04:32:33 [notice] 35#35: exiting
2023/07/21 04:32:33 [notice] 33#33: exiting
2023/07/21 04:32:33 [notice] 35#35: exit
2023/07/21 04:32:33 [notice] 34#34: exit
2023/07/21 04:32:33 [notice] 32#32: exiting
2023/07/21 04:32:33 [notice] 33#33: exit
2023/07/21 04:32:33 [notice] 32#32: exit
2023/07/21 04:32:33 [notice] 1#1: signal 17 (SIGCHLD) received from 29
2023/07/21 04:32:33 [notice] 1#1: worker process 29 exited with code 0
2023/07/21 04:32:33 [notice] 1#1: worker process 34 exited with code 0
2023/07/21 04:32:33 [notice] 1#1: signal 29 (SIGIO) received
2023/07/21 04:32:33 [notice] 1#1: signal 17 (SIGCHLD) received from 35
2023/07/21 04:32:33 [notice] 1#1: worker process 35 exited with code 0
2023/07/21 04:32:33 [notice] 1#1: signal 29 (SIGIO) received
2023/07/21 04:32:33 [notice] 1#1: signal 17 (SIGCHLD) received from 32
2023/07/21 04:32:33 [notice] 1#1: worker process 32 exited with code 0
2023/07/21 04:32:33 [notice] 1#1: signal 29 (SIGIO) received
2023/07/21 04:32:33 [notice] 1#1: signal 17 (SIGCHLD) received from 33
2023/07/21 04:32:33 [notice] 1#1: worker process 33 exited with code 0
2023/07/21 04:32:33 [notice] 1#1: signal 29 (SIGIO) received
2023/07/21 04:32:33 [notice] 1#1: signal 17 (SIGCHLD) received from 30
2023/07/21 04:32:33 [notice] 1#1: worker process 30 exited with code 0
2023/07/21 04:32:33 [notice] 1#1: worker process 31 exited with code 0
2023/07/21 04:32:33 [notice] 1#1: signal 29 (SIGIO) received
2023/07/21 04:32:33 [notice] 1#1: signal 17 (SIGCHLD) received from 28
2023/07/21 04:32:33 [notice] 1#1: worker process 28 exited with code 0
2023/07/21 04:32:33 [notice] 1#1: exit
2023/07/24 08:30:08 [notice] 1#1: using the "epoll" event method
2023/07/24 08:30:08 [notice] 1#1: nginx/1.25.1
2023/07/24 08:30:08 [notice] 1#1: built by gcc 12.2.0 (Debian 12.2.0-14) 
2023/07/24 08:30:08 [notice] 1#1: OS: Linux 5.19.0-46-generic
2023/07/24 08:30:08 [notice] 1#1: getrlimit(RLIMIT_NOFILE): 1048576:1048576
2023/07/24 08:30:08 [notice] 1#1: start worker processes
2023/07/24 08:30:08 [notice] 1#1: start worker process 28
2023/07/24 08:30:08 [notice] 1#1: start worker process 29
2023/07/24 08:30:08 [notice] 1#1: start worker process 30
2023/07/24 08:30:08 [notice] 1#1: start worker process 31
2023/07/24 08:30:08 [notice] 1#1: start worker process 32
2023/07/24 08:30:08 [notice] 1#1: start worker process 33
2023/07/24 08:30:08 [notice] 1#1: start worker process 34
2023/07/24 08:30:08 [notice] 1#1: start worker process 35
2023/07/24 09:40:21 [notice] 1#1: signal 3 (SIGQUIT) received, shutting down
2023/07/24 09:40:21 [notice] 28#28: gracefully shutting down
2023/07/24 09:40:21 [notice] 29#29: gracefully shutting down
2023/07/24 09:40:21 [notice] 34#34: gracefully shutting down
2023/07/24 09:40:21 [notice] 35#35: gracefully shutting down
2023/07/24 09:40:21 [notice] 34#34: exiting
2023/07/24 09:40:21 [notice] 33#33: gracefully shutting down
2023/07/24 09:40:21 [notice] 35#35: exiting
2023/07/24 09:40:21 [notice] 33#33: exiting
2023/07/24 09:40:21 [notice] 32#32: gracefully shutting down
2023/07/24 09:40:21 [notice] 32#32: exiting
2023/07/24 09:40:21 [notice] 35#35: exit
2023/07/24 09:40:21 [notice] 31#31: gracefully shutting down
2023/07/24 09:40:21 [notice] 30#30: gracefully shutting down
2023/07/24 09:40:21 [notice] 31#31: exiting
2023/07/24 09:40:21 [notice] 28#28: exiting
2023/07/24 09:40:21 [notice] 31#31: exit
2023/07/24 09:40:21 [notice] 28#28: exit
2023/07/24 09:40:21 [notice] 29#29: exiting
2023/07/24 09:40:21 [notice] 29#29: exit
2023/07/24 09:40:21 [notice] 30#30: exiting
2023/07/24 09:40:21 [notice] 33#33: exit
2023/07/24 09:40:21 [notice] 30#30: exit
2023/07/24 09:40:21 [notice] 34#34: exit
2023/07/24 09:40:21 [notice] 32#32: exit
2023/07/24 09:40:21 [notice] 1#1: signal 17 (SIGCHLD) received from 35
2023/07/24 09:40:21 [notice] 1#1: worker process 35 exited with code 0
2023/07/24 09:40:21 [notice] 1#1: signal 29 (SIGIO) received
2023/07/24 09:40:21 [notice] 1#1: signal 17 (SIGCHLD) received from 28
2023/07/24 09:40:21 [notice] 1#1: worker process 28 exited with code 0
2023/07/24 09:40:21 [notice] 1#1: worker process 29 exited with code 0
2023/07/24 09:40:21 [notice] 1#1: signal 29 (SIGIO) received
2023/07/24 09:40:21 [notice] 1#1: signal 17 (SIGCHLD) received from 29
2023/07/24 09:40:21 [notice] 1#1: signal 17 (SIGCHLD) received from 30
2023/07/24 09:40:21 [notice] 1#1: worker process 30 exited with code 0
2023/07/24 09:40:21 [notice] 1#1: worker process 32 exited with code 0
2023/07/24 09:40:21 [notice] 1#1: worker process 33 exited with code 0
2023/07/24 09:40:21 [notice] 1#1: signal 29 (SIGIO) received
2023/07/24 09:40:21 [notice] 1#1: signal 17 (SIGCHLD) received from 33
2023/07/24 09:40:21 [notice] 1#1: signal 17 (SIGCHLD) received from 34
2023/07/24 09:40:21 [notice] 1#1: worker process 34 exited with code 0
2023/07/24 09:40:21 [notice] 1#1: worker process 31 exited with code 0
2023/07/24 09:40:21 [notice] 1#1: exit
2023/07/25 04:49:08 [notice] 1#1: using the "epoll" event method
2023/07/25 04:49:08 [notice] 1#1: nginx/1.25.1
2023/07/25 04:49:08 [notice] 1#1: built by gcc 12.2.0 (Debian 12.2.0-14) 
2023/07/25 04:49:08 [notice] 1#1: OS: Linux 5.19.0-46-generic
2023/07/25 04:49:08 [notice] 1#1: getrlimit(RLIMIT_NOFILE): 1048576:1048576
2023/07/25 04:49:08 [notice] 1#1: start worker processes
2023/07/25 04:49:08 [notice] 1#1: start worker process 28
2023/07/25 04:49:08 [notice] 1#1: start worker process 29
2023/07/25 04:49:08 [notice] 1#1: start worker process 30
2023/07/25 04:49:08 [notice] 1#1: start worker process 31
2023/07/25 04:49:08 [notice] 1#1: start worker process 32
2023/07/25 04:49:08 [notice] 1#1: start worker process 33
2023/07/25 04:49:08 [notice] 1#1: start worker process 34
2023/07/25 04:49:08 [notice] 1#1: start worker process 35
2023/07/25 06:27:48 [notice] 1#1: signal 3 (SIGQUIT) received, shutting down
2023/07/25 06:27:48 [notice] 28#28: gracefully shutting down
2023/07/25 06:27:48 [notice] 32#32: gracefully shutting down
2023/07/25 06:27:48 [notice] 31#31: gracefully shutting down
2023/07/25 06:27:48 [notice] 35#35: gracefully shutting down
2023/07/25 06:27:48 [notice] 34#34: gracefully shutting down
2023/07/25 06:27:48 [notice] 29#29: gracefully shutting down
2023/07/25 06:27:48 [notice] 30#30: gracefully shutting down
2023/07/25 06:27:48 [notice] 33#33: gracefully shutting down
2023/07/25 06:27:48 [notice] 32#32: exiting
2023/07/25 06:27:48 [notice] 28#28: exiting
2023/07/25 06:27:48 [notice] 32#32: exit
2023/07/25 06:27:48 [notice] 28#28: exit
2023/07/25 06:27:48 [notice] 34#34: exiting
2023/07/25 06:27:48 [notice] 35#35: exiting
2023/07/25 06:27:48 [notice] 33#33: exiting
2023/07/25 06:27:48 [notice] 29#29: exiting
2023/07/25 06:27:48 [notice] 31#31: exiting
2023/07/25 06:27:48 [notice] 34#34: exit
2023/07/25 06:27:48 [notice] 35#35: exit
2023/07/25 06:27:48 [notice] 29#29: exit
2023/07/25 06:27:48 [notice] 31#31: exit
2023/07/25 06:27:48 [notice] 33#33: exit
2023/07/25 06:27:48 [notice] 30#30: exiting
2023/07/25 06:27:48 [notice] 30#30: exit
2023/07/25 06:27:48 [notice] 1#1: signal 17 (SIGCHLD) received from 30
2023/07/25 06:27:48 [notice] 1#1: worker process 30 exited with code 0
2023/07/25 06:27:48 [notice] 1#1: signal 29 (SIGIO) received
2023/07/25 06:27:48 [notice] 1#1: signal 17 (SIGCHLD) received from 28
2023/07/25 06:27:48 [notice] 1#1: worker process 28 exited with code 0
2023/07/25 06:27:48 [notice] 1#1: signal 29 (SIGIO) received
2023/07/25 06:27:48 [notice] 1#1: signal 17 (SIGCHLD) received from 35
2023/07/25 06:27:48 [notice] 1#1: worker process 35 exited with code 0
2023/07/25 06:27:48 [notice] 1#1: signal 29 (SIGIO) received
2023/07/25 06:27:48 [notice] 1#1: signal 17 (SIGCHLD) received from 31
2023/07/25 06:27:48 [notice] 1#1: worker process 31 exited with code 0
2023/07/25 06:27:48 [notice] 1#1: signal 29 (SIGIO) received
2023/07/25 06:27:48 [notice] 1#1: signal 17 (SIGCHLD) received from 33
2023/07/25 06:27:48 [notice] 1#1: worker process 33 exited with code 0
2023/07/25 06:27:48 [notice] 1#1: signal 29 (SIGIO) received
2023/07/25 06:27:48 [notice] 1#1: signal 17 (SIGCHLD) received from 34
2023/07/25 06:27:48 [notice] 1#1: worker process 34 exited with code 0
2023/07/25 06:27:48 [notice] 1#1: signal 29 (SIGIO) received
2023/07/25 06:27:48 [notice] 1#1: signal 17 (SIGCHLD) received from 32
2023/07/25 06:27:48 [notice] 1#1: worker process 32 exited with code 0
2023/07/25 06:27:48 [notice] 1#1: signal 17 (SIGCHLD) received from 29
2023/07/25 06:27:48 [notice] 1#1: worker process 29 exited with code 0
2023/07/25 06:27:48 [notice] 1#1: exit
2023/07/25 12:38:09 [notice] 1#1: using the "epoll" event method
2023/07/25 12:38:09 [notice] 1#1: nginx/1.25.1
2023/07/25 12:38:09 [notice] 1#1: built by gcc 12.2.0 (Debian 12.2.0-14) 
2023/07/25 12:38:09 [notice] 1#1: OS: Linux 5.19.0-46-generic
2023/07/25 12:38:09 [notice] 1#1: getrlimit(RLIMIT_NOFILE): 1048576:1048576
2023/07/25 12:38:09 [notice] 1#1: start worker processes
2023/07/25 12:38:09 [notice] 1#1: start worker process 28
2023/07/25 12:38:09 [notice] 1#1: start worker process 29
2023/07/25 12:38:09 [notice] 1#1: start worker process 30
2023/07/25 12:38:09 [notice] 1#1: start worker process 31
2023/07/25 12:38:09 [notice] 1#1: start worker process 32
2023/07/25 12:38:09 [notice] 1#1: start worker process 33
2023/07/25 12:38:09 [notice] 1#1: start worker process 34
2023/07/25 12:38:09 [notice] 1#1: start worker process 35
2023/07/25 14:19:18 [notice] 1#1: signal 3 (SIGQUIT) received, shutting down
2023/07/25 14:19:18 [notice] 28#28: gracefully shutting down
2023/07/25 14:19:18 [notice] 29#29: gracefully shutting down
2023/07/25 14:19:18 [notice] 30#30: gracefully shutting down
2023/07/25 14:19:18 [notice] 28#28: exiting
2023/07/25 14:19:18 [notice] 29#29: exiting
2023/07/25 14:19:18 [notice] 31#31: gracefully shutting down
2023/07/25 14:19:18 [notice] 30#30: exiting
2023/07/25 14:19:18 [notice] 35#35: gracefully shutting down
2023/07/25 14:19:18 [notice] 31#31: exiting
2023/07/25 14:19:18 [notice] 29#29: exit
2023/07/25 14:19:18 [notice] 35#35: exiting
2023/07/25 14:19:18 [notice] 28#28: exit
2023/07/25 14:19:18 [notice] 30#30: exit
2023/07/25 14:19:18 [notice] 31#31: exit
2023/07/25 14:19:18 [notice] 32#32: gracefully shutting down
2023/07/25 14:19:18 [notice] 35#35: exit
2023/07/25 14:19:18 [notice] 32#32: exiting
2023/07/25 14:19:18 [notice] 33#33: gracefully shutting down
2023/07/25 14:19:18 [notice] 34#34: gracefully shutting down
2023/07/25 14:19:18 [notice] 32#32: exit
2023/07/25 14:19:18 [notice] 33#33: exiting
2023/07/25 14:19:18 [notice] 34#34: exiting
2023/07/25 14:19:18 [notice] 33#33: exit
2023/07/25 14:19:18 [notice] 34#34: exit
2023/07/25 14:19:18 [notice] 1#1: signal 17 (SIGCHLD) received from 32
2023/07/25 14:19:18 [notice] 1#1: worker process 32 exited with code 0
2023/07/25 14:19:18 [notice] 1#1: worker process 35 exited with code 0
2023/07/25 14:19:18 [notice] 1#1: signal 29 (SIGIO) received
2023/07/25 14:19:18 [notice] 1#1: signal 17 (SIGCHLD) received from 28
2023/07/25 14:19:18 [notice] 1#1: worker process 28 exited with code 0
2023/07/25 14:19:18 [notice] 1#1: signal 29 (SIGIO) received
2023/07/25 14:19:18 [notice] 1#1: signal 17 (SIGCHLD) received from 33
2023/07/25 14:19:18 [notice] 1#1: worker process 33 exited with code 0
2023/07/25 14:19:18 [notice] 1#1: signal 29 (SIGIO) received
2023/07/25 14:19:18 [notice] 1#1: signal 17 (SIGCHLD) received from 30
2023/07/25 14:19:18 [notice] 1#1: worker process 30 exited with code 0
2023/07/25 14:19:18 [notice] 1#1: worker process 31 exited with code 0
2023/07/25 14:19:18 [notice] 1#1: signal 29 (SIGIO) received
2023/07/25 14:19:18 [notice] 1#1: signal 17 (SIGCHLD) received from 29
2023/07/25 14:19:18 [notice] 1#1: worker process 29 exited with code 0
2023/07/25 14:19:18 [notice] 1#1: signal 29 (SIGIO) received
2023/07/25 14:19:18 [notice] 1#1: signal 17 (SIGCHLD) received from 34
2023/07/25 14:19:18 [notice] 1#1: worker process 34 exited with code 0
2023/07/25 14:19:18 [notice] 1#1: exit
2023/07/26 04:09:56 [notice] 1#1: using the "epoll" event method
2023/07/26 04:09:56 [notice] 1#1: nginx/1.25.1
2023/07/26 04:09:56 [notice] 1#1: built by gcc 12.2.0 (Debian 12.2.0-14) 
2023/07/26 04:09:56 [notice] 1#1: OS: Linux 5.19.0-46-generic
2023/07/26 04:09:56 [notice] 1#1: getrlimit(RLIMIT_NOFILE): 1048576:1048576
2023/07/26 04:09:56 [notice] 1#1: start worker processes
2023/07/26 04:09:56 [notice] 1#1: start worker process 28
2023/07/26 04:09:56 [notice] 1#1: start worker process 29
2023/07/26 04:09:56 [notice] 1#1: start worker process 30
2023/07/26 04:09:56 [notice] 1#1: start worker process 31
2023/07/26 04:09:56 [notice] 1#1: start worker process 32
2023/07/26 04:09:56 [notice] 1#1: start worker process 33
2023/07/26 04:09:56 [notice] 1#1: start worker process 34
2023/07/26 04:09:56 [notice] 1#1: start worker process 35
2023/07/26 06:12:44 [notice] 1#1: signal 3 (SIGQUIT) received, shutting down
2023/07/26 06:12:44 [notice] 28#28: gracefully shutting down
2023/07/26 06:12:44 [notice] 35#35: gracefully shutting down
2023/07/26 06:12:44 [notice] 33#33: gracefully shutting down
2023/07/26 06:12:44 [notice] 30#30: gracefully shutting down
2023/07/26 06:12:44 [notice] 31#31: gracefully shutting down
2023/07/26 06:12:44 [notice] 29#29: gracefully shutting down
2023/07/26 06:12:44 [notice] 32#32: gracefully shutting down
2023/07/26 06:12:44 [notice] 34#34: gracefully shutting down
2023/07/26 06:12:44 [notice] 28#28: exiting
2023/07/26 06:12:44 [notice] 30#30: exiting
2023/07/26 06:12:44 [notice] 35#35: exiting
2023/07/26 06:12:44 [notice] 33#33: exiting
2023/07/26 06:12:44 [notice] 31#31: exiting
2023/07/26 06:12:44 [notice] 29#29: exiting
2023/07/26 06:12:44 [notice] 32#32: exiting
2023/07/26 06:12:44 [notice] 31#31: exit
2023/07/26 06:12:44 [notice] 35#35: exit
2023/07/26 06:12:44 [notice] 29#29: exit
2023/07/26 06:12:44 [notice] 32#32: exit
2023/07/26 06:12:44 [notice] 34#34: exiting
2023/07/26 06:12:44 [notice] 34#34: exit
2023/07/26 06:12:44 [notice] 30#30: exit
2023/07/26 06:12:44 [notice] 33#33: exit
2023/07/26 06:12:44 [notice] 28#28: exit
2023/07/26 06:12:44 [notice] 1#1: signal 17 (SIGCHLD) received from 32
2023/07/26 06:12:44 [notice] 1#1: worker process 32 exited with code 0
2023/07/26 06:12:44 [notice] 1#1: signal 29 (SIGIO) received
2023/07/26 06:12:44 [notice] 1#1: signal 17 (SIGCHLD) received from 35
2023/07/26 06:12:44 [notice] 1#1: worker process 35 exited with code 0
2023/07/26 06:12:44 [notice] 1#1: worker process 28 exited with code 0
2023/07/26 06:12:44 [notice] 1#1: worker process 34 exited with code 0
2023/07/26 06:12:44 [notice] 1#1: signal 29 (SIGIO) received
2023/07/26 06:12:44 [notice] 1#1: signal 17 (SIGCHLD) received from 34
2023/07/26 06:12:44 [notice] 1#1: signal 17 (SIGCHLD) received from 33
2023/07/26 06:12:44 [notice] 1#1: worker process 33 exited with code 0
2023/07/26 06:12:44 [notice] 1#1: worker process 30 exited with code 0
2023/07/26 06:12:44 [notice] 1#1: signal 29 (SIGIO) received
2023/07/26 06:12:44 [notice] 1#1: signal 17 (SIGCHLD) received from 30
2023/07/26 06:12:44 [notice] 1#1: signal 17 (SIGCHLD) received from 29
2023/07/26 06:12:44 [notice] 1#1: worker process 29 exited with code 0
2023/07/26 06:12:44 [notice] 1#1: signal 29 (SIGIO) received
2023/07/26 06:12:44 [notice] 1#1: signal 17 (SIGCHLD) received from 31
2023/07/26 06:12:44 [notice] 1#1: worker process 31 exited with code 0
2023/07/26 06:12:44 [notice] 1#1: exit
2023/07/26 08:43:39 [notice] 1#1: using the "epoll" event method
2023/07/26 08:43:39 [notice] 1#1: nginx/1.25.1
2023/07/26 08:43:39 [notice] 1#1: built by gcc 12.2.0 (Debian 12.2.0-14) 
2023/07/26 08:43:39 [notice] 1#1: OS: Linux 5.19.0-46-generic
2023/07/26 08:43:39 [notice] 1#1: getrlimit(RLIMIT_NOFILE): 1048576:1048576
2023/07/26 08:43:39 [notice] 1#1: start worker processes
2023/07/26 08:43:39 [notice] 1#1: start worker process 28
2023/07/26 08:43:39 [notice] 1#1: start worker process 29
2023/07/26 08:43:39 [notice] 1#1: start worker process 30
2023/07/26 08:43:39 [notice] 1#1: start worker process 31
2023/07/26 08:43:39 [notice] 1#1: start worker process 32
2023/07/26 08:43:39 [notice] 1#1: start worker process 33
2023/07/26 08:43:39 [notice] 1#1: start worker process 34
2023/07/26 08:43:39 [notice] 1#1: start worker process 35
2023/07/26 13:45:59 [notice] 1#1: signal 3 (SIGQUIT) received, shutting down
2023/07/26 13:45:59 [notice] 33#33: gracefully shutting down
2023/07/26 13:45:59 [notice] 34#34: gracefully shutting down
2023/07/26 13:45:59 [notice] 34#34: exiting
2023/07/26 13:45:59 [notice] 33#33: exiting
2023/07/26 13:45:59 [notice] 35#35: gracefully shutting down
2023/07/26 13:45:59 [notice] 28#28: gracefully shutting down
2023/07/26 13:45:59 [notice] 35#35: exiting
2023/07/26 13:45:59 [notice] 30#30: gracefully shutting down
2023/07/26 13:45:59 [notice] 32#32: gracefully shutting down
2023/07/26 13:45:59 [notice] 30#30: exiting
2023/07/26 13:45:59 [notice] 32#32: exiting
2023/07/26 13:45:59 [notice] 34#34: exit
2023/07/26 13:45:59 [notice] 31#31: gracefully shutting down
2023/07/26 13:45:59 [notice] 35#35: exit
2023/07/26 13:45:59 [notice] 30#30: exit
2023/07/26 13:45:59 [notice] 29#29: gracefully shutting down
2023/07/26 13:45:59 [notice] 32#32: exit
2023/07/26 13:45:59 [notice] 31#31: exiting
2023/07/26 13:45:59 [notice] 31#31: exit
2023/07/26 13:45:59 [notice] 33#33: exit
2023/07/26 13:45:59 [notice] 29#29: exiting
2023/07/26 13:45:59 [notice] 28#28: exiting
2023/07/26 13:45:59 [notice] 29#29: exit
2023/07/26 13:45:59 [notice] 28#28: exit
2023/07/26 13:45:59 [notice] 1#1: signal 17 (SIGCHLD) received from 30
2023/07/26 13:45:59 [notice] 1#1: worker process 30 exited with code 0
2023/07/26 13:45:59 [notice] 1#1: signal 29 (SIGIO) received
2023/07/26 13:45:59 [notice] 1#1: signal 17 (SIGCHLD) received from 28
2023/07/26 13:45:59 [notice] 1#1: worker process 28 exited with code 0
2023/07/26 13:45:59 [notice] 1#1: worker process 29 exited with code 0
2023/07/26 13:45:59 [notice] 1#1: worker process 31 exited with code 0
2023/07/26 13:45:59 [notice] 1#1: signal 29 (SIGIO) received
2023/07/26 13:45:59 [notice] 1#1: signal 17 (SIGCHLD) received from 31
2023/07/26 13:45:59 [notice] 1#1: signal 17 (SIGCHLD) received from 33
2023/07/26 13:45:59 [notice] 1#1: worker process 33 exited with code 0
2023/07/26 13:45:59 [notice] 1#1: signal 29 (SIGIO) received
2023/07/26 13:45:59 [notice] 1#1: signal 17 (SIGCHLD) received from 32
2023/07/26 13:45:59 [notice] 1#1: worker process 32 exited with code 0
2023/07/26 13:45:59 [notice] 1#1: signal 29 (SIGIO) received
2023/07/26 13:45:59 [notice] 1#1: signal 17 (SIGCHLD) received from 34
2023/07/26 13:45:59 [notice] 1#1: worker process 34 exited with code 0
2023/07/26 13:45:59 [notice] 1#1: signal 29 (SIGIO) received
2023/07/26 13:45:59 [notice] 1#1: signal 17 (SIGCHLD) received from 35
2023/07/26 13:45:59 [notice] 1#1: worker process 35 exited with code 0
2023/07/26 13:45:59 [notice] 1#1: exit
2023/07/27 04:19:40 [notice] 1#1: using the "epoll" event method
2023/07/27 04:19:40 [notice] 1#1: nginx/1.25.1
2023/07/27 04:19:40 [notice] 1#1: built by gcc 12.2.0 (Debian 12.2.0-14) 
2023/07/27 04:19:40 [notice] 1#1: OS: Linux 5.19.0-46-generic
2023/07/27 04:19:40 [notice] 1#1: getrlimit(RLIMIT_NOFILE): 1048576:1048576
2023/07/27 04:19:40 [notice] 1#1: start worker processes
2023/07/27 04:19:40 [notice] 1#1: start worker process 28
2023/07/27 04:19:40 [notice] 1#1: start worker process 29
2023/07/27 04:19:40 [notice] 1#1: start worker process 30
2023/07/27 04:19:40 [notice] 1#1: start worker process 31
2023/07/27 04:19:40 [notice] 1#1: start worker process 32
2023/07/27 04:19:40 [notice] 1#1: start worker process 33
2023/07/27 04:19:40 [notice] 1#1: start worker process 34
2023/07/27 04:19:40 [notice] 1#1: start worker process 35
2023/07/27 13:34:21 [notice] 1#1: signal 3 (SIGQUIT) received, shutting down
2023/07/27 13:34:21 [notice] 28#28: gracefully shutting down
2023/07/27 13:34:21 [notice] 29#29: gracefully shutting down
2023/07/27 13:34:21 [notice] 30#30: gracefully shutting down
2023/07/27 13:34:21 [notice] 35#35: gracefully shutting down
2023/07/27 13:34:21 [notice] 32#32: gracefully shutting down
2023/07/27 13:34:21 [notice] 31#31: gracefully shutting down
2023/07/27 13:34:21 [notice] 33#33: gracefully shutting down
2023/07/27 13:34:21 [notice] 34#34: gracefully shutting down
2023/07/27 13:34:21 [notice] 29#29: exiting
2023/07/27 13:34:21 [notice] 28#28: exiting
2023/07/27 13:34:21 [notice] 35#35: exiting
2023/07/27 13:34:21 [notice] 30#30: exiting
2023/07/27 13:34:21 [notice] 32#32: exiting
2023/07/27 13:34:21 [notice] 34#34: exiting
2023/07/27 13:34:21 [notice] 28#28: exit
2023/07/27 13:34:21 [notice] 31#31: exiting
2023/07/27 13:34:21 [notice] 33#33: exiting
2023/07/27 13:34:21 [notice] 35#35: exit
2023/07/27 13:34:21 [notice] 32#32: exit
2023/07/27 13:34:21 [notice] 30#30: exit
2023/07/27 13:34:21 [notice] 31#31: exit
2023/07/27 13:34:21 [notice] 34#34: exit
2023/07/27 13:34:21 [notice] 33#33: exit
2023/07/27 13:34:21 [notice] 29#29: exit
2023/07/27 13:34:21 [notice] 1#1: signal 17 (SIGCHLD) received from 33
2023/07/27 13:34:21 [notice] 1#1: worker process 33 exited with code 0
2023/07/27 13:34:21 [notice] 1#1: signal 29 (SIGIO) received
2023/07/27 13:34:21 [notice] 1#1: signal 17 (SIGCHLD) received from 28
2023/07/27 13:34:21 [notice] 1#1: worker process 28 exited with code 0
2023/07/27 13:34:21 [notice] 1#1: signal 29 (SIGIO) received
2023/07/27 13:34:21 [notice] 1#1: signal 17 (SIGCHLD) received from 34
2023/07/27 13:34:21 [notice] 1#1: worker process 34 exited with code 0
2023/07/27 13:34:21 [notice] 1#1: signal 29 (SIGIO) received
2023/07/27 13:34:21 [notice] 1#1: signal 17 (SIGCHLD) received from 31
2023/07/27 13:34:21 [notice] 1#1: worker process 30 exited with code 0
2023/07/27 13:34:21 [notice] 1#1: worker process 31 exited with code 0
2023/07/27 13:34:21 [notice] 1#1: signal 29 (SIGIO) received
2023/07/27 13:34:21 [notice] 1#1: signal 17 (SIGCHLD) received from 30
2023/07/27 13:34:21 [notice] 1#1: signal 17 (SIGCHLD) received from 32
2023/07/27 13:34:21 [notice] 1#1: worker process 32 exited with code 0
2023/07/27 13:34:21 [notice] 1#1: signal 29 (SIGIO) received
2023/07/27 13:34:21 [notice] 1#1: signal 17 (SIGCHLD) received from 35
2023/07/27 13:34:21 [notice] 1#1: worker process 29 exited with code 0
2023/07/27 13:34:21 [notice] 1#1: worker process 35 exited with code 0
2023/07/27 13:34:21 [notice] 1#1: exit
2023/07/28 04:06:27 [notice] 1#1: using the "epoll" event method
2023/07/28 04:06:27 [notice] 1#1: nginx/1.25.1
2023/07/28 04:06:27 [notice] 1#1: built by gcc 12.2.0 (Debian 12.2.0-14) 
2023/07/28 04:06:27 [notice] 1#1: OS: Linux 5.19.0-46-generic
2023/07/28 04:06:27 [notice] 1#1: getrlimit(RLIMIT_NOFILE): 1048576:1048576
2023/07/28 04:06:27 [notice] 1#1: start worker processes
2023/07/28 04:06:27 [notice] 1#1: start worker process 28
2023/07/28 04:06:27 [notice] 1#1: start worker process 29
2023/07/28 04:06:27 [notice] 1#1: start worker process 30
2023/07/28 04:06:27 [notice] 1#1: start worker process 31
2023/07/28 04:06:27 [notice] 1#1: start worker process 32
2023/07/28 04:06:27 [notice] 1#1: start worker process 33
2023/07/28 04:06:27 [notice] 1#1: start worker process 34
2023/07/28 04:06:27 [notice] 1#1: start worker process 35
